Line 51: Class MSAdodcLib.Adodc of control adoHND2E was not a loaded control class.
Line 56: The property name _ExtentX in adoHND2E is invalid.
Line 57: The property name _ExtentY in adoHND2E is invalid.
Line 58: The property name ConnectMode in adoHND2E is invalid.
Line 59: The property name CursorLocation in adoHND2E is invalid.
Line 60: The property name IsolationLevel in adoHND2E is invalid.
Line 61: The property name ConnectionTimeout in adoHND2E is invalid.
Line 62: The property name CommandTimeout in adoHND2E is invalid.
Line 63: The property name CursorType in adoHND2E is invalid.
Line 64: The property name LockType in adoHND2E is invalid.
Line 65: The property name CommandType in adoHND2E is invalid.
Line 66: The property name CursorOptions in adoHND2E is invalid.
Line 67: The property name CacheSize in adoHND2E is invalid.
Line 68: The property name MaxRecords in adoHND2E is invalid.
Line 69: The property name BOFAction in adoHND2E is invalid.
Line 70: The property name EOFAction in adoHND2E is invalid.
Line 71: The property name ConnectStringType in adoHND2E is invalid.
Line 75: The property name Orientation in adoHND2E is invalid.
Line 77: The property name Connect in adoHND2E is invalid.
Line 78: The property name OLEDBString in adoHND2E is invalid.
Line 79: The property name OLEDBFile in adoHND2E is invalid.
Line 80: The property name DataSourceName in adoHND2E is invalid.
Line 81: The property name OtherAttributes in adoHND2E is invalid.
Line 82: The property name UserName in adoHND2E is invalid.
Line 83: The property name Password in adoHND2E is invalid.
Line 84: The property name RecordSource in adoHND2E is invalid.
Line 85: The property name Caption in adoHND2E is invalid.
Line 95: The property name _Version in adoHND2E is invalid.
